Flutter crash report.
Please report a bug at https://github.com/flutter/flutter/issues.

## command

flutter run

## exception

RPCError: _flutter.renderFrameWithRasterStats: (-32000) Raster status not supported on Impeller backend.

```
#0      new _OutstandingRequest (package:vm_service/src/vm_service.dart:1930:45)
#1      VmService._call (package:vm_service/src/vm_service.dart:2499:21)
#2      VmService.callServiceExtension (package:vm_service/src/vm_service.dart:2470:14)
#3      VmService.callMethod (package:vm_service/src/vm_service.dart:2452:12)
#4      FlutterVmService.callMethodWrapper (package:flutter_tools/src/vmservice.dart:501:28)
#5      FlutterVmService.renderFrameWithRasterStats (package:flutter_tools/src/vmservice.dart:601:49)
#6      ResidentHandlers.debugFrameJankMetrics (package:flutter_tools/src/resident_runner.dart:727:35)
<asynchronous suspension>
#7      TerminalHandler.processTerminalInput (package:flutter_tools/src/resident_runner.dart:1830:7)
<asynchronous suspension>
```

## flutter doctor

```
[32m[✓][39m Flutter (Channel stable, 3.16.9, on macOS 14.3 23D56 darwin-arm64, locale en-US)
    [32m•[39m Flutter version 3.16.9 on channel stable at /Users/nono/development/flutter
    [32m•[39m Upstream repository https://github.com/flutter/flutter.git
    [32m•[39m Framework revision 41456452f2 (11 days ago), 2024-01-25 10:06:23 -0800
    [32m•[39m Engine revision f40e976bed
    [32m•[39m Dart version 3.2.6
    [32m•[39m DevTools version 2.28.5

[31m[✗][39m Android toolchain - develop for Android devices
    [31m✗[39m Unable to locate Android SDK.
      Install Android Studio from: https://developer.android.com/studio/index.html
      On first launch it will assist you in installing the Android SDK components.
      (or visit https://flutter.dev/docs/get-started/install/macos#android-setup for detailed instructions).
      If the Android SDK has been installed to a custom location, please use
      `flutter config --android-sdk` to update to that location.


[32m[✓][39m Xcode - develop for iOS and macOS (Xcode 15.2)
    [32m•[39m Xcode at /Applications/Xcode.app/Contents/Developer
    [32m•[39m Build 15C500b
    [32m•[39m CocoaPods version 1.15.0

[32m[✓][39m Chrome - develop for the web
    [32m•[39m Chrome at /Applications/Google Chrome.app/Contents/MacOS/Google Chrome

[33m[!][39m Android Studio (not installed)
    [32m•[39m Android Studio not found; download from https://developer.android.com/studio/index.html
      (or visit https://flutter.dev/docs/get-started/install/macos#android-setup for detailed instructions).

[32m[✓][39m VS Code (version 1.86.0)
    [32m•[39m VS Code at /Applications/Visual Studio Code.app/Contents
    [32m•[39m Flutter extension can be installed from:
      🔨 https://marketplace.visualstudio.com/items?itemName=Dart-Code.flutter

[32m[✓][39m Connected device (3 available)
    [32m•[39m iPhone 15 Pro Max (mobile) • 8E3978F7-BB4E-43F3-9478-D73E52A9B013 • ios            •
      com.apple.CoreSimulator.SimRuntime.iOS-17-2 (simulator)
    [32m•[39m macOS (desktop)            • macos                                • darwin-arm64   • macOS 14.3 23D56
      darwin-arm64
    [32m•[39m Chrome (web)               • chrome                               • web-javascript • Google Chrome
      121.0.6167.139

[32m[✓][39m Network resources
    [32m•[39m All expected network resources are available.

[33m![39m Doctor found issues in 2 categories.
```
